e:\college\4th year\hpc\project\hpc_projecttemplate\hpc_projecttemplate\debug\vc142.pdb
e:\college\4th year\hpc\project\hpc_projecttemplate\hpc_projecttemplate\debug\.netframework,version=v4.0.assemblyattributes.obj
e:\college\4th year\hpc\project\hpc_projecttemplate\hpc_projecttemplate\debug\.netframework,version=v4.0.assemblyattributes.asm
e:\college\4th year\hpc\project\hpc_projecttemplate\hpc_projecttemplate\debug\source.obj
e:\college\4th year\hpc\project\hpc_projecttemplate\debug\hpc_projecttemplate.exe
e:\college\4th year\hpc\project\hpc_projecttemplate\debug\hpc_projecttemplate.pdb
e:\college\4th year\hpc\project\hpc_projecttemplate\hpc_projecttemplate\debug\hpc_proj.7aebee7c.tlog\cl.command.1.tlog
e:\college\4th year\hpc\project\hpc_projecttemplate\hpc_projecttemplate\debug\hpc_proj.7aebee7c.tlog\cl.read.1.tlog
e:\college\4th year\hpc\project\hpc_projecttemplate\hpc_projecttemplate\debug\hpc_proj.7aebee7c.tlog\cl.write.1.tlog
e:\college\4th year\hpc\project\hpc_projecttemplate\hpc_projecttemplate\debug\hpc_proj.7aebee7c.tlog\link.10608.delete.1.tlog
e:\college\4th year\hpc\project\hpc_projecttemplate\hpc_projecttemplate\debug\hpc_proj.7aebee7c.tlog\link.10808.delete.1.tlog
e:\college\4th year\hpc\project\hpc_projecttemplate\hpc_projecttemplate\debug\hpc_proj.7aebee7c.tlog\link.11976.delete.1.tlog
e:\college\4th year\hpc\project\hpc_projecttemplate\hpc_projecttemplate\debug\hpc_proj.7aebee7c.tlog\link.14220.delete.1.tlog
e:\college\4th year\hpc\project\hpc_projecttemplate\hpc_projecttemplate\debug\hpc_proj.7aebee7c.tlog\link.1712.delete.1.tlog
e:\college\4th year\hpc\project\hpc_projecttemplate\hpc_projecttemplate\debug\hpc_proj.7aebee7c.tlog\link.19188.delete.1.tlog
e:\college\4th year\hpc\project\hpc_projecttemplate\hpc_projecttemplate\debug\hpc_proj.7aebee7c.tlog\link.22312.delete.1.tlog
e:\college\4th year\hpc\project\hpc_projecttemplate\hpc_projecttemplate\debug\hpc_proj.7aebee7c.tlog\link.22648.delete.1.tlog
e:\college\4th year\hpc\project\hpc_projecttemplate\hpc_projecttemplate\debug\hpc_proj.7aebee7c.tlog\link.5064.delete.1.tlog
e:\college\4th year\hpc\project\hpc_projecttemplate\hpc_projecttemplate\debug\hpc_proj.7aebee7c.tlog\link.5744.delete.1.tlog
e:\college\4th year\hpc\project\hpc_projecttemplate\hpc_projecttemplate\debug\hpc_proj.7aebee7c.tlog\link.8032.delete.1.tlog
e:\college\4th year\hpc\project\hpc_projecttemplate\hpc_projecttemplate\debug\hpc_proj.7aebee7c.tlog\link.command.1.tlog
e:\college\4th year\hpc\project\hpc_projecttemplate\hpc_projecttemplate\debug\hpc_proj.7aebee7c.tlog\link.read.1.tlog
e:\college\4th year\hpc\project\hpc_projecttemplate\hpc_projecttemplate\debug\hpc_proj.7aebee7c.tlog\link.write.1.tlog
e:\college\4th year\hpc\project\hpc_projecttemplate\hpc_projecttemplate\debug\hpc_proj.7aebee7c.tlog\metagen.read.1.tlog
e:\college\4th year\hpc\project\hpc_projecttemplate\hpc_projecttemplate\debug\hpc_proj.7aebee7c.tlog\metagen.write.1.tlog
